Determining if the pthread_create exist failed with the following output:
Change Dir: /home/oos/catkin_ws/src/webcam_project/build-pid-Desktop-Default/CMakeFiles/CMakeTmp

Run Build Command:/usr/bin/make "cmTryCompileExec2499025921/fast"
/usr/bin/make -f CMakeFiles/cmTryCompileExec2499025921.dir/build.make CMakeFiles/cmTryCompileExec2499025921.dir/build
make[1]: Entering directory `/home/oos/catkin_ws/src/webcam_project/build-pid-Desktop-Default/CMakeFiles/CMakeTmp'
/usr/bin/cmake -E cmake_progress_report /home/oos/catkin_ws/src/webcam_project/build-pid-Desktop-Default/CMakeFiles/CMakeTmp/CMakeFiles 1
Building C object CMakeFiles/cmTryCompileExec2499025921.dir/CheckSymbolExists.c.o
/usr/bin/cc    -o CMakeFiles/cmTryCompileExec2499025921.dir/CheckSymbolExists.c.o   -c /home/oos/catkin_ws/src/webcam_project/build-pid-Desktop-Default/CMakeFiles/CMakeTmp/CheckSymbolExists.c
Linking C executable cmTryCompileExec2499025921
/usr/bin/cmake -E cmake_link_script CMakeFiles/cmTryCompileExec2499025921.dir/link.txt --verbose=1
/usr/bin/cc       CMakeFiles/cmTryCompileExec2499025921.dir/CheckSymbolExists.c.o  -o cmTryCompileExec2499025921 -rdynamic 
CMakeFiles/cmTryCompileExec2499025921.dir/CheckSymbolExists.c.o: In function `main':
CheckSymbolExists.c:(.text+0x16): undefined reference to `pthread_create'
collect2: error: ld returned 1 exit status
make[1]: *** [cmTryCompileExec2499025921] Error 1
make[1]: Leaving directory `/home/oos/catkin_ws/src/webcam_project/build-pid-Desktop-Default/CMakeFiles/CMakeTmp'
make: *** [cmTryCompileExec2499025921/fast] Error 2

File /home/oos/catkin_ws/src/webcam_project/build-pid-Desktop-Default/CMakeFiles/CMakeTmp/CheckSymbolExists.c:
/* */
#include <pthread.h>

int main(int argc, char** argv)
{
  (void)argv;
#ifndef pthread_create
  return ((int*)(&pthread_create))[argc];
#else
  (void)argc;
  return 0;
#endif
}

Determining if the function pthread_create exists in the pthreads failed with the following output:
Change Dir: /home/oos/catkin_ws/src/webcam_project/build-pid-Desktop-Default/CMakeFiles/CMakeTmp

Run Build Command:/usr/bin/make "cmTryCompileExec2950435314/fast"
/usr/bin/make -f CMakeFiles/cmTryCompileExec2950435314.dir/build.make CMakeFiles/cmTryCompileExec2950435314.dir/build
make[1]: Entering directory `/home/oos/catkin_ws/src/webcam_project/build-pid-Desktop-Default/CMakeFiles/CMakeTmp'
/usr/bin/cmake -E cmake_progress_report /home/oos/catkin_ws/src/webcam_project/build-pid-Desktop-Default/CMakeFiles/CMakeTmp/CMakeFiles 1
Building C object CMakeFiles/cmTryCompileExec2950435314.dir/CheckFunctionExists.c.o
/usr/bin/cc   -DCHECK_FUNCTION_EXISTS=pthread_create   -o CMakeFiles/cmTryCompileExec2950435314.dir/CheckFunctionExists.c.o   -c /usr/share/cmake-2.8/Modules/CheckFunctionExists.c
Linking C executable cmTryCompileExec2950435314
/usr/bin/cmake -E cmake_link_script CMakeFiles/cmTryCompileExec2950435314.dir/link.txt --verbose=1
/usr/bin/cc   -DCHECK_FUNCTION_EXISTS=pthread_create    CMakeFiles/cmTryCompileExec2950435314.dir/CheckFunctionExists.c.o  -o cmTryCompileExec2950435314 -rdynamic -lpthreads 
/usr/bin/ld: cannot find -lpthreads
collect2: error: ld returned 1 exit status
make[1]: *** [cmTryCompileExec2950435314] Error 1
make[1]: Leaving directory `/home/oos/catkin_ws/src/webcam_project/build-pid-Desktop-Default/CMakeFiles/CMakeTmp'
make: *** [cmTryCompileExec2950435314/fast] Error 2


